<?xml version="1.0" encoding="UTF-8"?>
<testng-results ignored="0" total="1" passed="1" failed="0" skipped="0">
  <reporter-output>
  </reporter-output>
  <suite started-at="2024-04-24T22:22:07 IST" name="Default suite" finished-at="2024-04-24T22:22:20 IST" duration-ms="13554">
    <groups>
    </groups>
    <test started-at="2024-04-24T22:22:07 IST" name="Default test" finished-at="2024-04-24T22:22:20 IST" duration-ms="13554">
      <class name="sauce.practice.SauceDemo">
        <test-method is-config="true" signature="setUp()[pri:0, instance:sauce.practice.SauceDemo@7722c3c3]" started-at="2024-04-24T22:22:07 IST" name="setUp" finished-at="2024-04-24T22:22:15 IST" duration-ms="8456" status="PASS">
          <reporter-output>
          </reporter-output>
        </test-method> <!-- setUp -->
        <test-method signature="testSauceDemo()[pri:0, instance:sauce.practice.SauceDemo@7722c3c3]" started-at="2024-04-24T22:22:15 IST" name="testSauceDemo" finished-at="2024-04-24T22:22:20 IST" duration-ms="4813" status="PASS">
          <reporter-output>
          </reporter-output>
        </test-method> <!-- testSauceDemo -->
        <test-method is-config="true" signature="close()[pri:0, instance:sauce.practice.SauceDemo@7722c3c3]" started-at="2024-04-24T22:22:20 IST" name="close" finished-at="2024-04-24T22:22:20 IST" duration-ms="207" status="PASS">
          <reporter-output>
          </reporter-output>
        </test-method> <!-- close -->
      </class> <!-- sauce.practice.SauceDemo -->
    </test> <!-- Default test -->
  </suite> <!-- Default suite -->
</testng-results>
